<?xml version="1.0" encoding="UTF-8"?>
<!-- Generated by org.testng.reporters.JUnitReportReporter -->
<testsuite hostname="GURU" failures="2" tests="9" name="vouchVerifyTestScript.AccVerificationFlowForFree" time="477.017" errors="0" timestamp="2023-11-23T13:13:09 IST" skipped="0">
  <testcase classname="vouchVerifyTestScript.AccVerificationFlowForFree" name="cashFreeVerification" time="39.074"/>
  <system-out/>
  <testcase classname="vouchVerifyTestScript.AccVerificationFlowForFree" name="iciciEnqVerification" time="36.502"/>
  <system-out/>
  <testcase classname="vouchVerifyTestScript.AccVerificationFlowForFree" name="pennyDropVerification" time="38.414"/>
  <system-out/>
  <testcase classname="vouchVerifyTestScript.AccVerificationFlowForFree" name="cashFreeInvalidVerification" time="35.574">
    <failure message="The following asserts failed:
	expected [HDFC00012d5] but found [HDFC00012D5]" type="java.lang.AssertionError">
      <![CDATA[java.lang.AssertionError: The following asserts failed:
expected [HDFC00012d5] but found [HDFC00012D5]
at org.testng.asserts.SoftAssert.assertAll(SoftAssert.java:46)
at org.testng.asserts.SoftAssert.assertAll(SoftAssert.java:30)
at vouchVerifyTestScript.AccVerificationFlowForFree.freeVerifyFlowScript(AccVerificationFlowForFree.java:199)
at vouchVerifyTestScript.AccVerificationFlowForFree.cashFreeInvalidVerification(AccVerificationFlowForFree.java:232)
at java.base/jdk.internal.reflect.DirectMethodHandleAccessor.invoke(DirectMethodHandleAccessor.java:104)
at java.base/java.lang.reflect.Method.invoke(Method.java:578)
at org.testng.internal.invokers.MethodInvocationHelper.invokeMethod(MethodInvocationHelper.java:139)
at org.testng.internal.invokers.TestInvoker.invokeMethod(TestInvoker.java:677)
at org.testng.internal.invokers.TestInvoker.invokeTestMethod(TestInvoker.java:221)
at org.testng.internal.invokers.MethodRunner.runInSequence(MethodRunner.java:50)
at org.testng.internal.invokers.TestInvoker$MethodInvocationAgent.invoke(TestInvoker.java:969)
at org.testng.internal.invokers.TestInvoker.invokeTestMethods(TestInvoker.java:194)
at org.testng.internal.invokers.TestMethodWorker.invokeTestMethods(TestMethodWorker.java:148)
at org.testng.internal.invokers.TestMethodWorker.run(TestMethodWorker.java:128)
at java.base/java.util.ArrayList.forEach(ArrayList.java:1511)
at org.testng.TestRunner.privateRun(TestRunner.java:829)
at org.testng.TestRunner.run(TestRunner.java:602)
at org.testng.SuiteRunner.runTest(SuiteRunner.java:437)
at org.testng.SuiteRunner.runSequentially(SuiteRunner.java:431)
at org.testng.SuiteRunner.privateRun(SuiteRunner.java:391)
at org.testng.SuiteRunner.run(SuiteRunner.java:330)
at org.testng.SuiteRunnerWorker.runSuite(SuiteRunnerWorker.java:52)
at org.testng.SuiteRunnerWorker.run(SuiteRunnerWorker.java:95)
at org.testng.TestNG.runSuitesSequentially(TestNG.java:1256)
at org.testng.TestNG.runSuitesLocally(TestNG.java:1176)
at org.testng.TestNG.runSuites(TestNG.java:1099)
at org.testng.TestNG.run(TestNG.java:1067)
at org.testng.remote.AbstractRemoteTestNG.run(AbstractRemoteTestNG.java:115)
at org.testng.remote.RemoteTestNG.initAndRun(RemoteTestNG.java:251)
at org.testng.remote.RemoteTestNG.main(RemoteTestNG.java:77)
]]>
    </failure>
  </testcase> <!-- cashFreeInvalidVerification -->
  <system-out/>
  <testcase classname="vouchVerifyTestScript.AccVerificationFlowForFree" name="iciciEnqInvalidVerification" time="37.579">
    <failure message="The following asserts failed:
	expected [HDFC00012d5] but found [HDFC00012D5]" type="java.lang.AssertionError">
      <![CDATA[java.lang.AssertionError: The following asserts failed:
expected [HDFC00012d5] but found [HDFC00012D5]
at org.testng.asserts.SoftAssert.assertAll(SoftAssert.java:46)
at org.testng.asserts.SoftAssert.assertAll(SoftAssert.java:30)
at vouchVerifyTestScript.AccVerificationFlowForFree.freeVerifyFlowScript(AccVerificationFlowForFree.java:199)
at vouchVerifyTestScript.AccVerificationFlowForFree.iciciEnqInvalidVerification(AccVerificationFlowForFree.java:238)
at java.base/jdk.internal.reflect.DirectMethodHandleAccessor.invoke(DirectMethodHandleAccessor.java:104)
at java.base/java.lang.reflect.Method.invoke(Method.java:578)
at org.testng.internal.invokers.MethodInvocationHelper.invokeMethod(MethodInvocationHelper.java:139)
at org.testng.internal.invokers.TestInvoker.invokeMethod(TestInvoker.java:677)
at org.testng.internal.invokers.TestInvoker.invokeTestMethod(TestInvoker.java:221)
at org.testng.internal.invokers.MethodRunner.runInSequence(MethodRunner.java:50)
at org.testng.internal.invokers.TestInvoker$MethodInvocationAgent.invoke(TestInvoker.java:969)
at org.testng.internal.invokers.TestInvoker.invokeTestMethods(TestInvoker.java:194)
at org.testng.internal.invokers.TestMethodWorker.invokeTestMethods(TestMethodWorker.java:148)
at org.testng.internal.invokers.TestMethodWorker.run(TestMethodWorker.java:128)
at java.base/java.util.ArrayList.forEach(ArrayList.java:1511)
at org.testng.TestRunner.privateRun(TestRunner.java:829)
at org.testng.TestRunner.run(TestRunner.java:602)
at org.testng.SuiteRunner.runTest(SuiteRunner.java:437)
at org.testng.SuiteRunner.runSequentially(SuiteRunner.java:431)
at org.testng.SuiteRunner.privateRun(SuiteRunner.java:391)
at org.testng.SuiteRunner.run(SuiteRunner.java:330)
at org.testng.SuiteRunnerWorker.runSuite(SuiteRunnerWorker.java:52)
at org.testng.SuiteRunnerWorker.run(SuiteRunnerWorker.java:95)
at org.testng.TestNG.runSuitesSequentially(TestNG.java:1256)
at org.testng.TestNG.runSuitesLocally(TestNG.java:1176)
at org.testng.TestNG.runSuites(TestNG.java:1099)
at org.testng.TestNG.run(TestNG.java:1067)
at org.testng.remote.AbstractRemoteTestNG.run(AbstractRemoteTestNG.java:115)
at org.testng.remote.RemoteTestNG.initAndRun(RemoteTestNG.java:251)
at org.testng.remote.RemoteTestNG.main(RemoteTestNG.java:77)
]]>
    </failure>
  </testcase> <!-- iciciEnqInvalidVerification -->
  <system-out/>
  <testcase classname="vouchVerifyTestScript.AccVerificationFlowForFree" name="pennyDropInvalidVerification" time="35.514"/>
  <system-out/>
  <testcase classname="vouchVerifyTestScript.AccVerificationFlowForFree" name="cashFreeFailedVerification" time="84.965"/>
  <system-out/>
  <testcase classname="vouchVerifyTestScript.AccVerificationFlowForFree" name="iciciEnqFailedVerification" time="84.590"/>
  <system-out/>
  <testcase classname="vouchVerifyTestScript.AccVerificationFlowForFree" name="pennyDropFailedVerification" time="84.805"/>
  <system-out/>
</testsuite> <!-- vouchVerifyTestScript.AccVerificationFlowForFree -->
